<?xml version="1.0" encoding="UTF-8"?>
<!-- Generated by org.testng.reporters.JUnitReportReporter -->
<testsuite skipped="0" hostname="LAPTOP-UC8NRPBF" name="testngpackage.Classtwo" tests="4" failures="0" timestamp="2021-06-07T10:33:43 IST" time="24.890" errors="0">
  <testcase name="testone" time="8.481" classname="testngpackage.Classtwo"/>
  <system-out/>
  <testcase name="testtwo" time="6.822" classname="testngpackage.Classtwo"/>
  <system-out/>
  <testcase name="testthree" time="9.582" classname="testngpackage.Classtwo"/>
  <system-out/>
  <testcase name="testfour" time="0.005" classname="testngpackage.Classtwo"/>
  <system-out/>
</testsuite> <!-- testngpackage.Classtwo -->
