<?xml version="1.0" encoding="UTF-8"?>
<!-- Generated by org.testng.reporters.JUnitReportReporter -->
<testsuite skipped="1" hostname="LAPTOP-UC8NRPBF" name="testngpackage.Myfirsttestng" tests="3" failures="0" timestamp="2021-06-07T10:32:14 IST" time="0.008" errors="0">
  <testcase name="addtocart" time="0.005" classname="testngpackage.Myfirsttestng"/>
  <system-out/>
  <testcase name="homepage" time="0.003" classname="testngpackage.Myfirsttestng"/>
  <system-out/>
  <testcase name="login" classname="testngpackage.Myfirsttestng">
    <skipped/>
  </testcase> <!-- login -->
  <system-out/>
</testsuite> <!-- testngpackage.Myfirsttestng -->
